-- The C compiler identification is GNU 7.3.0
-- The CXX compiler identification is GNU 7.3.0
-- Check for working C compiler: /usr/bin/cc
-- Check for working C compiler: /usr/bin/cc -- works
-- Detecting C compiler ABI info
-- Detecting C compiler ABI info - done
-- Detecting C compile features
-- Detecting C compile features - done
-- Check for working CXX compiler: /usr/bin/c++
-- Check for working CXX compiler: /usr/bin/c++ -- works
-- Detecting CXX compiler ABI info
-- Detecting CXX compiler ABI info - done
-- Detecting CXX compile features
-- Detecting CXX compile features - done
-- Found ament_cmake: 0.6.0 (/home/alaa/ros2_ws/install/ament_cmake/share/ament_cmake/cmake)
-- Found PythonInterp: /usr/bin/python3 (found suitable version "3.6.7", minimum required is "3") 
-- Using PYTHON_EXECUTABLE: /usr/bin/python3
-- Override CMake install command with custom implementation using symlinks instead of copying resources
-- Found rclcpp_lifecycle: 0.6.2 (/home/alaa/ros2_ws/install/rclcpp_lifecycle/share/rclcpp_lifecycle/cmake)
-- Found rosidl_adapter: 0.6.2 (/home/alaa/ros2_ws/install/rosidl_adapter/share/rosidl_adapter/cmake)
-- Found rmw_implementation_cmake: 0.6.1 (/home/alaa/ros2_ws/install/rmw_implementation_cmake/share/rmw_implementation_cmake/cmake)
-- Found std_msgs: 0.6.1 (/home/alaa/ros2_ws/install/std_msgs/share/std_msgs/cmake)
-- Found ament_lint_auto: 0.6.2 (/home/alaa/ros2_ws/install/ament_lint_auto/share/ament_lint_auto/cmake)
-- Added test 'copyright' to check for copyright in CMake / C / C++ / Python code
-- Added test 'cppcheck' to perform static code analysis on C / C++ code
-- Added test 'cpplint' to check C / C++ code against the Google style
-- Added test 'flake8' to check Python code syntax and style conventions
-- Added test 'lint_cmake' to check CMake code style
-- Added test 'pep257' to check Python code against some of the style conventions in PEP 257
-- Added test 'uncrustify' to check C / C++ code style
-- Added test 'xmllint' to check XML markup files
-- Configuring done
-- Generating done
-- Build files have been written to: /home/alaa/ros2_ws/src/ros2/demos/lifecycle/build/lifecycle
[35m[1mScanning dependencies of target lifecycle_service_client[0m
[35m[1mScanning dependencies of target lifecycle_talker[0m
[35m[1mScanning dependencies of target lifecycle_listener[0m
[ 16%] [32mBuilding CXX object CMakeFiles/lifecycle_listener.dir/src/lifecycle_listener.cpp.o[0m
[ 33%] [32mBuilding CXX object CMakeFiles/lifecycle_service_client.dir/src/lifecycle_service_client.cpp.o[0m
[ 50%] [32mBuilding CXX object CMakeFiles/lifecycle_talker.dir/src/lifecycle_talker.cpp.o[0m
In file included from [01m[K/home/alaa/ros2_ws/install/rclcpp/include/rclcpp/callback_group.hpp:26:0[m[K,
                 from [01m[K/home/alaa/ros2_ws/install/rclcpp/include/rclcpp/any_executable.hpp:20[m[K,
                 from [01m[K/home/alaa/ros2_ws/install/rclcpp/include/rclcpp/memory_strategy.hpp:24[m[K,
                 from [01m[K/home/alaa/ros2_ws/install/rclcpp/include/rclcpp/memory_strategies.hpp:18[m[K,
                 from [01m[K/home/alaa/ros2_ws/install/rclcpp/include/rclcpp/executor.hpp:32[m[K,
                 from [01m[K/home/alaa/ros2_ws/install/rclcpp/include/rclcpp/executors/multi_threaded_executor.hpp:24[m[K,
                 from [01m[K/home/alaa/ros2_ws/install/rclcpp/include/rclcpp/executors.hpp:21[m[K,
                 from [01m[K/home/alaa/ros2_ws/install/rclcpp/include/rclcpp/rclcpp.hpp:144[m[K,
                 from [01m[K/home/alaa/ros2_ws/src/ros2/demos/lifecycle/src/lifecycle_talker.cpp:23[m[K:
/home/alaa/ros2_ws/install/rclcpp/include/rclcpp/timer.hpp: In instantiation of â€˜[01m[Kvoid rclcpp::GenericTimer<FunctorT, <anonymous> >::execute_callback_delegate() [with CallbackT = std::_Bind<void (LifecycleTalker::*(LifecycleTalker2*))()>; typename std::enable_if<rclcpp::function_traits::same_arguments<CallbackT, std::function<void()> >::value>::type* <anonymous> = 0; FunctorT = std::_Bind<void (LifecycleTalker::*(LifecycleTalker2*))()>; typename std::enable_if<(rclcpp::function_traits::same_arguments<FunctorT, std::function<void()> >::value || rclcpp::function_traits::same_arguments<FunctorT, std::function<void(rclcpp::TimerBase&)> >::value)>::type* <anonymous> = 0][m[Kâ€™:
[01m[K/home/alaa/ros2_ws/install/rclcpp/include/rclcpp/timer.hpp:145:32:[m[K   required from â€˜[01m[Kvoid rclcpp::GenericTimer<FunctorT, <anonymous> >::execute_callback() [with FunctorT = std::_Bind<void (LifecycleTalker::*(LifecycleTalker2*))()>; typename std::enable_if<(rclcpp::function_traits::same_arguments<FunctorT, std::function<void()> >::value || rclcpp::function_traits::same_arguments<FunctorT, std::function<void(rclcpp::TimerBase&)> >::value)>::type* <anonymous> = 0][m[Kâ€™
[01m[K/home/alaa/ros2_ws/src/ros2/demos/lifecycle/src/lifecycle_talker.cpp:534:1:[m[K   required from here
[01m[K/home/alaa/ros2_ws/install/rclcpp/include/rclcpp/timer.hpp:158:5:[m[K [01;31m[Kerror: [m[Kno match for call to â€˜[01m[K(std::_Bind<void (LifecycleTalker::*(LifecycleTalker2*))()>) ()[m[Kâ€™
     [01;31m[Kcallback_[m[K();
     [01;31m[K^~~~~~~~~[m[K
In file included from [01m[K/home/alaa/ros2_ws/install/rclcpp/include/rclcpp/context.hpp:19:0[m[K,
                 from [01m[K/home/alaa/ros2_ws/install/rclcpp/include/rclcpp/contexts/default_context.hpp:18[m[K,
                 from [01m[K/home/alaa/ros2_ws/install/rclcpp/include/rclcpp/executor.hpp:31[m[K,
                 from [01m[K/home/alaa/ros2_ws/install/rclcpp/include/rclcpp/executors/multi_threaded_executor.hpp:24[m[K,
                 from [01m[K/home/alaa/ros2_ws/install/rclcpp/include/rclcpp/executors.hpp:21[m[K,
                 from [01m[K/home/alaa/ros2_ws/install/rclcpp/include/rclcpp/rclcpp.hpp:144[m[K,
                 from [01m[K/home/alaa/ros2_ws/src/ros2/demos/lifecycle/src/lifecycle_talker.cpp:23[m[K:
[01m[K/usr/include/c++/7/functional:547:2:[m[K [01;36m[Knote: [m[Kcandidate: template<class ... _Args, class _Result> _Result std::_Bind<_Functor(_Bound_args ...)>::operator()(_Args&& ...) [with _Args = {_Args ...}; _Result = _Result; _Functor = void (LifecycleTalker::*)(); _Bound_args = {LifecycleTalker2*}]
  [01;36m[Koperator[m[K()(_Args&&... __args)
  [01;36m[K^~~~~~~~[m[K
[01m[K/usr/include/c++/7/functional:547:2:[m[K [01;36m[Knote: [m[K  template argument deduction/substitution failed:
[01m[K/usr/include/c++/7/functional:558:2:[m[K [01;36m[Knote: [m[Kcandidate: template<class ... _Args, class _Result> _Result std::_Bind<_Functor(_Bound_args ...)>::operator()(_Args&& ...) const [with _Args = {_Args ...}; _Result = _Result; _Functor = void (LifecycleTalker::*)(); _Bound_args = {LifecycleTalker2*}]
  [01;36m[Koperator[m[K()(_Args&&... __args) const
  [01;36m[K^~~~~~~~[m[K
[01m[K/usr/include/c++/7/functional:558:2:[m[K [01;36m[Knote: [m[K  template argument deduction/substitution failed:
[01m[K/usr/include/c++/7/functional:576:2:[m[K [01;36m[Knote: [m[Kcandidate: template<class ... _Args, class _Result> _Result std::_Bind<_Functor(_Bound_args ...)>::operator()(_Args&& ...) volatile [with _Args = {_Args ...}; _Result = _Result; _Functor = void (LifecycleTalker::*)(); _Bound_args = {LifecycleTalker2*}]
  [01;36m[Koperator[m[K()(_Args&&... __args) volatile
  [01;36m[K^~~~~~~~[m[K
[01m[K/usr/include/c++/7/functional:576:2:[m[K [01;36m[Knote: [m[K  template argument deduction/substitution failed:
[01m[K/usr/include/c++/7/functional:588:2:[m[K [01;36m[Knote: [m[Kcandidate: template<class ... _Args, class _Result> _Result std::_Bind<_Functor(_Bound_args ...)>::operator()(_Args&& ...) const volatile [with _Args = {_Args ...}; _Result = _Result; _Functor = void (LifecycleTalker::*)(); _Bound_args = {LifecycleTalker2*}]
  [01;36m[Koperator[m[K()(_Args&&... __args) const volatile
  [01;36m[K^~~~~~~~[m[K
[01m[K/usr/include/c++/7/functional:588:2:[m[K [01;36m[Knote: [m[K  template argument deduction/substitution failed:
make[2]: *** [CMakeFiles/lifecycle_talker.dir/src/lifecycle_talker.cpp.o] Error 1
CMakeFiles/lifecycle_talker.dir/build.make:62: recipe for target 'CMakeFiles/lifecycle_talker.dir/src/lifecycle_talker.cpp.o' failed
make[1]: *** [CMakeFiles/lifecycle_talker.dir/all] Error 2
make[1]: *** Waiting for unfinished jobs....
CMakeFiles/Makefile2:931: recipe for target 'CMakeFiles/lifecycle_talker.dir/all' failed
[ 66%] [32m[1mLinking CXX executable lifecycle_service_client[0m
[ 83%] [32m[1mLinking CXX executable lifecycle_listener[0m
[ 83%] Built target lifecycle_service_client
[ 83%] Built target lifecycle_listener
Makefile:140: recipe for target 'all' failed
make: *** [all] Error 2
